2025-03-09T14:28:42.722+05:00  INFO 18212 --- [Social Media Platform] [main] c.s.SocialMediaPlatformApplication       : Starting SocialMediaPlatformApplication using Java 17.0.13 with PID 18212 (E:\assignment\Social-Media-Platform\target\classes started by Attar Telecom in E:\assignment\Social-Media-Platform)
2025-03-09T14:28:42.731+05:00  INFO 18212 --- [Social Media Platform] [main] c.s.SocialMediaPlatformApplication       : No active profile set, falling back to 1 default profile: "default"
2025-03-09T14:28:45.306+05:00  INFO 18212 --- [Social Media Platform] [main] .s.d.r.c.RepositoryConfigurationDelegate : Bootstrapping Spring Data JPA repositories in DEFAULT mode.
2025-03-09T14:28:45.716+05:00  INFO 18212 --- [Social Media Platform] [main] .s.d.r.c.RepositoryConfigurationDelegate : Finished Spring Data repository scanning in 387 ms. Found 4 JPA repository interfaces.
2025-03-09T14:28:48.438+05:00  INFO 18212 --- [Social Media Platform] [main] o.s.b.w.embedded.tomcat.TomcatWebServer  : Tomcat initialized with port 8080 (http)
2025-03-09T14:28:48.459+05:00  INFO 18212 --- [Social Media Platform] [main] o.apache.catalina.core.StandardService   : Starting service [Tomcat]
2025-03-09T14:28:48.460+05:00  INFO 18212 --- [Social Media Platform] [main] o.apache.catalina.core.StandardEngine    : Starting Servlet engine: [Apache Tomcat/10.1.18]
2025-03-09T14:28:48.632+05:00  INFO 18212 --- [Social Media Platform] [main] o.a.c.c.C.[Tomcat].[localhost].[/]       : Initializing Spring embedded WebApplicationContext
2025-03-09T14:28:48.633+05:00  INFO 18212 --- [Social Media Platform] [main] w.s.c.ServletWebServerApplicationContext : Root WebApplicationContext: initialization completed in 5787 ms
2025-03-09T14:28:50.187+05:00  INFO 18212 --- [Social Media Platform] [main] org.ehcache.core.EhcacheManager          : Cache 'posts' created in EhcacheManager.
2025-03-09T14:28:50.194+05:00  INFO 18212 --- [Social Media Platform] [main] org.ehcache.core.EhcacheManager          : Cache 'users' created in EhcacheManager.
2025-03-09T14:28:50.255+05:00  INFO 18212 --- [Social Media Platform] [main] org.ehcache.jsr107.Eh107CacheManager     : Registering Ehcache MBean javax.cache:type=CacheStatistics,CacheManager=file./E./assignment/Social-Media-Platform/target/classes/ehcache.xml,Cache=posts
2025-03-09T14:28:50.262+05:00  INFO 18212 --- [Social Media Platform] [main] org.ehcache.jsr107.Eh107CacheManager     : Registering Ehcache MBean javax.cache:type=CacheStatistics,CacheManager=file./E./assignment/Social-Media-Platform/target/classes/ehcache.xml,Cache=users
2025-03-09T14:28:50.758+05:00  INFO 18212 --- [Social Media Platform] [main] o.hibernate.jpa.internal.util.LogHelper  : HHH000204: Processing PersistenceUnitInfo [name: default]
2025-03-09T14:28:50.887+05:00  INFO 18212 --- [Social Media Platform] [main] org.hibernate.Version                    : HHH000412: Hibernate ORM core version 6.4.1.Final
2025-03-09T14:28:51.016+05:00  INFO 18212 --- [Social Media Platform] [main] o.h.c.internal.RegionFactoryInitiator    : HHH000026: Second-level cache disabled
2025-03-09T14:28:51.585+05:00  INFO 18212 --- [Social Media Platform] [main] o.s.o.j.p.SpringPersistenceUnitInfo      : No LoadTimeWeaver setup: ignoring JPA class transformer
2025-03-09T14:28:51.656+05:00  INFO 18212 --- [Social Media Platform] [main] com.zaxxer.hikari.HikariDataSource       : HikariPool-1 - Starting...
2025-03-09T14:28:52.414+05:00  INFO 18212 --- [Social Media Platform] [main] com.zaxxer.hikari.pool.HikariPool        : HikariPool-1 - Added connection com.mysql.cj.jdbc.ConnectionImpl@10b3ea72
2025-03-09T14:28:52.419+05:00  INFO 18212 --- [Social Media Platform] [main] com.zaxxer.hikari.HikariDataSource       : HikariPool-1 - Start completed.
2025-03-09T14:28:55.067+05:00  INFO 18212 --- [Social Media Platform] [main] o.h.e.t.j.p.i.JtaPlatformInitiator       : HHH000489: No JTA platform available (set 'hibernate.transaction.jta.platform' to enable JTA platform integration)
2025-03-09T14:28:55.271+05:00  INFO 18212 --- [Social Media Platform] [main] j.LocalContainerEntityManagerFactoryBean : Initialized JPA EntityManagerFactory for persistence unit 'default'
2025-03-09T14:28:57.501+05:00  INFO 18212 --- [Social Media Platform] [main] o.s.d.j.r.query.QueryEnhancerFactory     : Hibernate is in classpath; If applicable, HQL parser will be used.
2025-03-09T14:29:01.235+05:00  WARN 18212 --- [Social Media Platform] [main] JpaBaseConfiguration$JpaWebConfiguration : spring.jpa.open-in-view is enabled by default. Therefore, database queries may be performed during view rendering. Explicitly configure spring.jpa.open-in-view to disable this warning
2025-03-09T14:29:02.400+05:00  INFO 18212 --- [Social Media Platform] [main] o.s.s.web.DefaultSecurityFilterChain     : Will secure any request with [org.springframework.security.web.session.DisableEncodeUrlFilter@256216b6, org.springframework.security.web.context.request.async.WebAsyncManagerIntegrationFilter@2f336e00, org.springframework.security.web.context.SecurityContextHolderFilter@1d839d22, org.springframework.security.web.header.HeaderWriterFilter@4c0a3fde, org.springframework.web.filter.CorsFilter@3e491595, org.springframework.security.web.authentication.logout.LogoutFilter@6f053a97, com.socialmediaplatform.Util.JwtRequestFilter@7e775ef3, org.springframework.security.web.savedrequest.RequestCacheAwareFilter@3a103112, org.springframework.security.web.servletapi.SecurityContextHolderAwareRequestFilter@12418bf, org.springframework.security.web.authentication.AnonymousAuthenticationFilter@345292c1, org.springframework.security.web.session.SessionManagementFilter@2793f84c, org.springframework.security.web.access.ExceptionTranslationFilter@5279a1ca, org.springframework.security.web.access.intercept.AuthorizationFilter@304435f6]
2025-03-09T14:29:03.593+05:00  INFO 18212 --- [Social Media Platform] [main] o.s.b.w.embedded.tomcat.TomcatWebServer  : Tomcat started on port 8080 (http) with context path ''
2025-03-09T14:29:03.618+05:00  INFO 18212 --- [Social Media Platform] [main] c.s.SocialMediaPlatformApplication       : Started SocialMediaPlatformApplication in 22.059 seconds (process running for 23.819)
2025-03-09T14:30:49.555+05:00  INFO 18212 --- [Social Media Platform] [http-nio-8080-exec-1] o.a.c.c.C.[Tomcat].[localhost].[/]       : Initializing Spring DispatcherServlet 'dispatcherServlet'
2025-03-09T14:30:49.556+05:00  INFO 18212 --- [Social Media Platform] [http-nio-8080-exec-1] o.s.web.servlet.DispatcherServlet        : Initializing Servlet 'dispatcherServlet'
2025-03-09T14:30:49.571+05:00  INFO 18212 --- [Social Media Platform] [http-nio-8080-exec-1] o.s.web.servlet.DispatcherServlet        : Completed initialization in 14 ms
2025-03-09T14:30:49.986+05:00  INFO 18212 --- [Social Media Platform] [http-nio-8080-exec-1] c.s.aspect.LoggingAspect                 : Entering method: ResponseEntity com.socialmediaplatform.controller.UserController.loginUser(LoginDTO)
2025-03-09T14:30:50.005+05:00  INFO 18212 --- [Social Media Platform] [http-nio-8080-exec-1] c.s.aspect.LoggingAspect                 : Request Argument: com.socialmediaplatform.dto.LoginDTO@5138ee3b
2025-03-09T14:30:50.600+05:00  INFO 18212 --- [Social Media Platform] [http-nio-8080-exec-1] c.s.aspect.ExecutionTimeAspect           : Method: ResponseEntity com.socialmediaplatform.service.impl.UserServiceImpl.loginUser(LoginDTO) | Execution Time: 593 ms
2025-03-09T14:30:50.600+05:00  INFO 18212 --- [Social Media Platform] [http-nio-8080-exec-1] c.s.aspect.LoggingAspect                 : Method executed: ResponseEntity com.socialmediaplatform.controller.UserController.loginUser(LoginDTO)
2025-03-09T14:30:50.601+05:00  INFO 18212 --- [Social Media Platform] [http-nio-8080-exec-1] c.s.aspect.LoggingAspect                 : Response: <200 OK OK,com.socialmediaplatform.Response.LoginResponse@44434516,[]>
2025-03-09T14:38:20.991+05:00  INFO 18212 --- [Social Media Platform] [SpringApplicationShutdownHook] j.LocalContainerEntityManagerFactoryBean : Closing JPA EntityManagerFactory for persistence unit 'default'
2025-03-09T14:38:20.995+05:00  INFO 18212 --- [Social Media Platform] [SpringApplicationShutdownHook] com.zaxxer.hikari.HikariDataSource       : HikariPool-1 - Shutdown initiated...
2025-03-09T14:38:21.016+05:00  INFO 18212 --- [Social Media Platform] [SpringApplicationShutdownHook] com.zaxxer.hikari.HikariDataSource       : HikariPool-1 - Shutdown completed.
2025-03-09T14:38:21.025+05:00  INFO 18212 --- [Social Media Platform] [SpringApplicationShutdownHook] org.ehcache.core.EhcacheManager          : Cache 'posts' removed from EhcacheManager.
2025-03-09T14:38:21.026+05:00  INFO 18212 --- [Social Media Platform] [SpringApplicationShutdownHook] org.ehcache.core.EhcacheManager          : Cache 'users' removed from EhcacheManager.
2025-03-09T14:38:29.444+05:00  INFO 1496 --- [Social Media Platform] [main] c.s.SocialMediaPlatformApplication       : Starting SocialMediaPlatformApplication using Java 17.0.13 with PID 1496 (E:\assignment\Social-Media-Platform\target\classes started by Attar Telecom in E:\assignment\Social-Media-Platform)
2025-03-09T14:38:29.449+05:00  INFO 1496 --- [Social Media Platform] [main] c.s.SocialMediaPlatformApplication       : No active profile set, falling back to 1 default profile: "default"
2025-03-09T14:38:32.161+05:00  INFO 1496 --- [Social Media Platform] [main] .s.d.r.c.RepositoryConfigurationDelegate : Bootstrapping Spring Data JPA repositories in DEFAULT mode.
2025-03-09T14:38:32.336+05:00  INFO 1496 --- [Social Media Platform] [main] .s.d.r.c.RepositoryConfigurationDelegate : Finished Spring Data repository scanning in 154 ms. Found 4 JPA repository interfaces.
2025-03-09T14:38:35.019+05:00  INFO 1496 --- [Social Media Platform] [main] o.s.b.w.embedded.tomcat.TomcatWebServer  : Tomcat initialized with port 8080 (http)
2025-03-09T14:38:35.043+05:00  INFO 1496 --- [Social Media Platform] [main] o.apache.catalina.core.StandardService   : Starting service [Tomcat]
2025-03-09T14:38:35.044+05:00  INFO 1496 --- [Social Media Platform] [main] o.apache.catalina.core.StandardEngine    : Starting Servlet engine: [Apache Tomcat/10.1.18]
2025-03-09T14:38:35.243+05:00  INFO 1496 --- [Social Media Platform] [main] o.a.c.c.C.[Tomcat].[localhost].[/]       : Initializing Spring embedded WebApplicationContext
2025-03-09T14:38:35.244+05:00  INFO 1496 --- [Social Media Platform] [main] w.s.c.ServletWebServerApplicationContext : Root WebApplicationContext: initialization completed in 5547 ms
2025-03-09T14:38:37.114+05:00  INFO 1496 --- [Social Media Platform] [main] org.ehcache.core.EhcacheManager          : Cache 'posts' created in EhcacheManager.
2025-03-09T14:38:37.122+05:00  INFO 1496 --- [Social Media Platform] [main] org.ehcache.core.EhcacheManager          : Cache 'users' created in EhcacheManager.
2025-03-09T14:38:37.186+05:00  INFO 1496 --- [Social Media Platform] [main] org.ehcache.jsr107.Eh107CacheManager     : Registering Ehcache MBean javax.cache:type=CacheStatistics,CacheManager=file./E./assignment/Social-Media-Platform/target/classes/ehcache.xml,Cache=posts
2025-03-09T14:38:37.189+05:00  INFO 1496 --- [Social Media Platform] [main] org.ehcache.jsr107.Eh107CacheManager     : Registering Ehcache MBean javax.cache:type=CacheStatistics,CacheManager=file./E./assignment/Social-Media-Platform/target/classes/ehcache.xml,Cache=users
2025-03-09T14:38:37.642+05:00  INFO 1496 --- [Social Media Platform] [main] o.hibernate.jpa.internal.util.LogHelper  : HHH000204: Processing PersistenceUnitInfo [name: default]
2025-03-09T14:38:37.792+05:00  INFO 1496 --- [Social Media Platform] [main] org.hibernate.Version                    : HHH000412: Hibernate ORM core version 6.4.1.Final
2025-03-09T14:38:38.027+05:00  INFO 1496 --- [Social Media Platform] [main] o.h.c.internal.RegionFactoryInitiator    : HHH000026: Second-level cache disabled
2025-03-09T14:38:38.727+05:00  INFO 1496 --- [Social Media Platform] [main] o.s.o.j.p.SpringPersistenceUnitInfo      : No LoadTimeWeaver setup: ignoring JPA class transformer
2025-03-09T14:38:38.826+05:00  INFO 1496 --- [Social Media Platform] [main] com.zaxxer.hikari.HikariDataSource       : HikariPool-1 - Starting...
2025-03-09T14:38:39.843+05:00  INFO 1496 --- [Social Media Platform] [main] com.zaxxer.hikari.pool.HikariPool        : HikariPool-1 - Added connection com.mysql.cj.jdbc.ConnectionImpl@129c322f
2025-03-09T14:38:39.848+05:00  INFO 1496 --- [Social Media Platform] [main] com.zaxxer.hikari.HikariDataSource       : HikariPool-1 - Start completed.
2025-03-09T14:38:42.826+05:00  INFO 1496 --- [Social Media Platform] [main] o.h.e.t.j.p.i.JtaPlatformInitiator       : HHH000489: No JTA platform available (set 'hibernate.transaction.jta.platform' to enable JTA platform integration)
2025-03-09T14:38:43.007+05:00  INFO 1496 --- [Social Media Platform] [main] j.LocalContainerEntityManagerFactoryBean : Initialized JPA EntityManagerFactory for persistence unit 'default'
2025-03-09T14:38:44.329+05:00  INFO 1496 --- [Social Media Platform] [main] o.s.d.j.r.query.QueryEnhancerFactory     : Hibernate is in classpath; If applicable, HQL parser will be used.
2025-03-09T14:38:48.019+05:00  WARN 1496 --- [Social Media Platform] [main] JpaBaseConfiguration$JpaWebConfiguration : spring.jpa.open-in-view is enabled by default. Therefore, database queries may be performed during view rendering. Explicitly configure spring.jpa.open-in-view to disable this warning
2025-03-09T14:38:49.344+05:00  INFO 1496 --- [Social Media Platform] [main] o.s.s.web.DefaultSecurityFilterChain     : Will secure any request with [org.springframework.security.web.session.DisableEncodeUrlFilter@34327638, org.springframework.security.web.context.request.async.WebAsyncManagerIntegrationFilter@6fc1a561, org.springframework.security.web.context.SecurityContextHolderFilter@2e7d71d9, org.springframework.security.web.header.HeaderWriterFilter@22a52fa8, org.springframework.web.filter.CorsFilter@501dd0b4, org.springframework.security.web.authentication.logout.LogoutFilter@6d7453ad, com.socialmediaplatform.Util.JwtRequestFilter@2324100b, org.springframework.security.web.savedrequest.RequestCacheAwareFilter@486674f6, org.springframework.security.web.servletapi.SecurityContextHolderAwareRequestFilter@10ea88c7, org.springframework.security.web.authentication.AnonymousAuthenticationFilter@5199d74e, org.springframework.security.web.session.SessionManagementFilter@5698eeb0, org.springframework.security.web.access.ExceptionTranslationFilter@19e578e9, org.springframework.security.web.access.intercept.AuthorizationFilter@4a3ebba6]
2025-03-09T14:38:51.100+05:00  INFO 1496 --- [Social Media Platform] [main] o.s.b.w.embedded.tomcat.TomcatWebServer  : Tomcat started on port 8080 (http) with context path ''
2025-03-09T14:38:51.134+05:00  INFO 1496 --- [Social Media Platform] [main] c.s.SocialMediaPlatformApplication       : Started SocialMediaPlatformApplication in 22.87 seconds (process running for 24.143)
2025-03-09T14:39:08.983+05:00  INFO 1496 --- [Social Media Platform] [http-nio-8080-exec-1] o.a.c.c.C.[Tomcat].[localhost].[/]       : Initializing Spring DispatcherServlet 'dispatcherServlet'
2025-03-09T14:39:08.984+05:00  INFO 1496 --- [Social Media Platform] [http-nio-8080-exec-1] o.s.web.servlet.DispatcherServlet        : Initializing Servlet 'dispatcherServlet'
2025-03-09T14:39:08.988+05:00  INFO 1496 --- [Social Media Platform] [http-nio-8080-exec-1] o.s.web.servlet.DispatcherServlet        : Completed initialization in 2 ms
2025-03-09T14:39:09.410+05:00  INFO 1496 --- [Social Media Platform] [http-nio-8080-exec-1] c.s.aspect.LoggingAspect                 : Entering method: ResponseEntity com.socialmediaplatform.controller.UserController.loginUser(LoginDTO)
2025-03-09T14:39:09.411+05:00  INFO 1496 --- [Social Media Platform] [http-nio-8080-exec-1] c.s.aspect.LoggingAspect                 : Request Argument: LoginDTO{email='al@gmail.com', password='11111'}
2025-03-09T14:39:10.893+05:00  INFO 1496 --- [Social Media Platform] [http-nio-8080-exec-1] c.s.aspect.ExecutionTimeAspect           : Method: ResponseEntity com.socialmediaplatform.service.impl.UserServiceImpl.loginUser(LoginDTO) | Execution Time: 1477 ms
2025-03-09T14:39:10.901+05:00  INFO 1496 --- [Social Media Platform] [http-nio-8080-exec-1] c.s.aspect.LoggingAspect                 : Method executed: ResponseEntity com.socialmediaplatform.controller.UserController.loginUser(LoginDTO)
2025-03-09T14:39:10.902+05:00  INFO 1496 --- [Social Media Platform] [http-nio-8080-exec-1] c.s.aspect.LoggingAspect                 : Response: <200 OK OK,com.socialmediaplatform.Response.LoginResponse@1e5b32f7,[]>
2025-03-09T15:00:54.373+05:00  INFO 1496 --- [Social Media Platform] [SpringApplicationShutdownHook] j.LocalContainerEntityManagerFactoryBean : Closing JPA EntityManagerFactory for persistence unit 'default'
2025-03-09T15:00:54.378+05:00  INFO 1496 --- [Social Media Platform] [SpringApplicationShutdownHook] com.zaxxer.hikari.HikariDataSource       : HikariPool-1 - Shutdown initiated...
2025-03-09T15:00:54.406+05:00  INFO 1496 --- [Social Media Platform] [SpringApplicationShutdownHook] com.zaxxer.hikari.HikariDataSource       : HikariPool-1 - Shutdown completed.
2025-03-09T15:00:54.411+05:00  INFO 1496 --- [Social Media Platform] [SpringApplicationShutdownHook] org.ehcache.core.EhcacheManager          : Cache 'posts' removed from EhcacheManager.
2025-03-09T15:00:54.412+05:00  INFO 1496 --- [Social Media Platform] [SpringApplicationShutdownHook] org.ehcache.core.EhcacheManager          : Cache 'users' removed from EhcacheManager.
2025-03-09T15:01:06.056+05:00  INFO 13432 --- [Social Media Platform] [main] c.s.SocialMediaPlatformApplication       : Starting SocialMediaPlatformApplication using Java 17.0.13 with PID 13432 (E:\assignment\Social-Media-Platform\target\classes started by Attar Telecom in E:\assignment\Social-Media-Platform)
2025-03-09T15:01:06.087+05:00  INFO 13432 --- [Social Media Platform] [main] c.s.SocialMediaPlatformApplication       : No active profile set, falling back to 1 default profile: "default"
2025-03-09T15:01:09.982+05:00  INFO 13432 --- [Social Media Platform] [main] .s.d.r.c.RepositoryConfigurationDelegate : Bootstrapping Spring Data JPA repositories in DEFAULT mode.
2025-03-09T15:01:10.145+05:00  INFO 13432 --- [Social Media Platform] [main] .s.d.r.c.RepositoryConfigurationDelegate : Finished Spring Data repository scanning in 145 ms. Found 4 JPA repository interfaces.
2025-03-09T15:01:12.664+05:00  INFO 13432 --- [Social Media Platform] [main] o.s.b.w.embedded.tomcat.TomcatWebServer  : Tomcat initialized with port 8080 (http)
2025-03-09T15:01:12.696+05:00  INFO 13432 --- [Social Media Platform] [main] o.apache.catalina.core.StandardService   : Starting service [Tomcat]
2025-03-09T15:01:12.697+05:00  INFO 13432 --- [Social Media Platform] [main] o.apache.catalina.core.StandardEngine    : Starting Servlet engine: [Apache Tomcat/10.1.18]
2025-03-09T15:01:12.932+05:00  INFO 13432 --- [Social Media Platform] [main] o.a.c.c.C.[Tomcat].[localhost].[/]       : Initializing Spring embedded WebApplicationContext
2025-03-09T15:01:12.933+05:00  INFO 13432 --- [Social Media Platform] [main] w.s.c.ServletWebServerApplicationContext : Root WebApplicationContext: initialization completed in 5571 ms
2025-03-09T15:01:14.787+05:00  INFO 13432 --- [Social Media Platform] [main] org.ehcache.core.EhcacheManager          : Cache 'posts' created in EhcacheManager.
2025-03-09T15:01:14.798+05:00  INFO 13432 --- [Social Media Platform] [main] org.ehcache.core.EhcacheManager          : Cache 'users' created in EhcacheManager.
2025-03-09T15:01:14.874+05:00  INFO 13432 --- [Social Media Platform] [main] org.ehcache.jsr107.Eh107CacheManager     : Registering Ehcache MBean javax.cache:type=CacheStatistics,CacheManager=file./E./assignment/Social-Media-Platform/target/classes/ehcache.xml,Cache=posts
2025-03-09T15:01:14.878+05:00  INFO 13432 --- [Social Media Platform] [main] org.ehcache.jsr107.Eh107CacheManager     : Registering Ehcache MBean javax.cache:type=CacheStatistics,CacheManager=file./E./assignment/Social-Media-Platform/target/classes/ehcache.xml,Cache=users
2025-03-09T15:01:15.500+05:00  INFO 13432 --- [Social Media Platform] [main] o.hibernate.jpa.internal.util.LogHelper  : HHH000204: Processing PersistenceUnitInfo [name: default]
2025-03-09T15:01:15.694+05:00  INFO 13432 --- [Social Media Platform] [main] org.hibernate.Version                    : HHH000412: Hibernate ORM core version 6.4.1.Final
2025-03-09T15:01:15.909+05:00  INFO 13432 --- [Social Media Platform] [main] o.h.c.internal.RegionFactoryInitiator    : HHH000026: Second-level cache disabled
2025-03-09T15:01:16.686+05:00  INFO 13432 --- [Social Media Platform] [main] o.s.o.j.p.SpringPersistenceUnitInfo      : No LoadTimeWeaver setup: ignoring JPA class transformer
2025-03-09T15:01:16.753+05:00  INFO 13432 --- [Social Media Platform] [main] com.zaxxer.hikari.HikariDataSource       : HikariPool-1 - Starting...
2025-03-09T15:01:17.505+05:00  INFO 13432 --- [Social Media Platform] [main] com.zaxxer.hikari.pool.HikariPool        : HikariPool-1 - Added connection com.mysql.cj.jdbc.ConnectionImpl@2212e291
2025-03-09T15:01:17.511+05:00  INFO 13432 --- [Social Media Platform] [main] com.zaxxer.hikari.HikariDataSource       : HikariPool-1 - Start completed.
2025-03-09T15:01:21.978+05:00  INFO 13432 --- [Social Media Platform] [main] o.h.e.t.j.p.i.JtaPlatformInitiator       : HHH000489: No JTA platform available (set 'hibernate.transaction.jta.platform' to enable JTA platform integration)
2025-03-09T15:01:22.167+05:00  INFO 13432 --- [Social Media Platform] [main] j.LocalContainerEntityManagerFactoryBean : Initialized JPA EntityManagerFactory for persistence unit 'default'
2025-03-09T15:01:23.807+05:00  INFO 13432 --- [Social Media Platform] [main] o.s.d.j.r.query.QueryEnhancerFactory     : Hibernate is in classpath; If applicable, HQL parser will be used.
2025-03-09T15:01:29.930+05:00  WARN 13432 --- [Social Media Platform] [main] JpaBaseConfiguration$JpaWebConfiguration : spring.jpa.open-in-view is enabled by default. Therefore, database queries may be performed during view rendering. Explicitly configure spring.jpa.open-in-view to disable this warning
2025-03-09T15:01:31.370+05:00  INFO 13432 --- [Social Media Platform] [main] o.s.s.web.DefaultSecurityFilterChain     : Will secure any request with [org.springframework.security.web.session.DisableEncodeUrlFilter@660b292c, org.springframework.security.web.context.request.async.WebAsyncManagerIntegrationFilter@15f75fa5, org.springframework.security.web.context.SecurityContextHolderFilter@7ce65a05, org.springframework.security.web.header.HeaderWriterFilter@360e9b23, org.springframework.web.filter.CorsFilter@6def5e22, org.springframework.security.web.authentication.logout.LogoutFilter@3a50c97f, com.socialmediaplatform.Util.JwtRequestFilter@7be907ae, org.springframework.security.web.savedrequest.RequestCacheAwareFilter@1cce63a4, org.springframework.security.web.servletapi.SecurityContextHolderAwareRequestFilter@5026a5ba, org.springframework.security.web.authentication.AnonymousAuthenticationFilter@53722f45, org.springframework.security.web.session.SessionManagementFilter@671bda0b, org.springframework.security.web.access.ExceptionTranslationFilter@e77d6ed, org.springframework.security.web.access.intercept.AuthorizationFilter@dfea3ca]
2025-03-09T15:01:32.764+05:00  INFO 13432 --- [Social Media Platform] [main] o.s.b.w.embedded.tomcat.TomcatWebServer  : Tomcat started on port 8080 (http) with context path ''
2025-03-09T15:01:32.788+05:00  INFO 13432 --- [Social Media Platform] [main] c.s.SocialMediaPlatformApplication       : Started SocialMediaPlatformApplication in 28.021 seconds (process running for 29.565)
2025-03-09T15:02:13.142+05:00  INFO 13432 --- [Social Media Platform] [http-nio-8080-exec-2] o.a.c.c.C.[Tomcat].[localhost].[/]       : Initializing Spring DispatcherServlet 'dispatcherServlet'
2025-03-09T15:02:13.143+05:00  INFO 13432 --- [Social Media Platform] [http-nio-8080-exec-2] o.s.web.servlet.DispatcherServlet        : Initializing Servlet 'dispatcherServlet'
2025-03-09T15:02:13.147+05:00  INFO 13432 --- [Social Media Platform] [http-nio-8080-exec-2] o.s.web.servlet.DispatcherServlet        : Completed initialization in 4 ms
2025-03-09T15:02:13.399+05:00  INFO 13432 --- [Social Media Platform] [http-nio-8080-exec-2] c.s.aspect.LoggingAspect                 : Entering method: ResponseEntity com.socialmediaplatform.controller.UserController.loginUser(LoginDTO)
2025-03-09T15:02:13.399+05:00  INFO 13432 --- [Social Media Platform] [http-nio-8080-exec-2] c.s.aspect.LoggingAspect                 : Request Argument: LoginDTO{email='al@gmail.com', password='11111'}
2025-03-09T15:02:14.415+05:00  INFO 13432 --- [Social Media Platform] [http-nio-8080-exec-2] c.s.aspect.ExecutionTimeAspect           : Method: ResponseEntity com.socialmediaplatform.service.impl.UserServiceImpl.loginUser(LoginDTO) | Execution Time: 1015 ms
2025-03-09T15:02:14.416+05:00  INFO 13432 --- [Social Media Platform] [http-nio-8080-exec-2] c.s.aspect.LoggingAspect                 : Method executed: ResponseEntity com.socialmediaplatform.controller.UserController.loginUser(LoginDTO)
2025-03-09T15:02:14.416+05:00  INFO 13432 --- [Social Media Platform] [http-nio-8080-exec-2] c.s.aspect.LoggingAspect                 : Response: com.socialmediaplatform.Response.LoginResponse@6887cfe9
2025-03-09T15:03:38.820+05:00  INFO 13432 --- [Social Media Platform] [http-nio-8080-exec-4] c.s.aspect.LoggingAspect                 : Entering method: ResponseEntity com.socialmediaplatform.controller.UserController.registerUser(RegisterDTO)
2025-03-09T15:03:38.821+05:00  INFO 13432 --- [Social Media Platform] [http-nio-8080-exec-4] c.s.aspect.LoggingAspect                 : Request Argument: RegisterDTO{username='log check', email='log@gmail.com', password='22222', profilePicture='null', bio='null'}
2025-03-09T15:03:39.492+05:00  INFO 13432 --- [Social Media Platform] [http-nio-8080-exec-4] c.s.aspect.ExecutionTimeAspect           : Method: ResponseEntity com.socialmediaplatform.service.impl.UserServiceImpl.registerUser(RegisterDTO) | Execution Time: 670 ms
2025-03-09T15:03:39.492+05:00  INFO 13432 --- [Social Media Platform] [http-nio-8080-exec-4] c.s.aspect.LoggingAspect                 : Method executed: ResponseEntity com.socialmediaplatform.controller.UserController.registerUser(RegisterDTO)
2025-03-09T15:03:39.492+05:00  INFO 13432 --- [Social Media Platform] [http-nio-8080-exec-4] c.s.aspect.LoggingAspect                 : Response: com.socialmediaplatform.Response.RegisterUserResponse@50ba2658
2025-03-09T15:13:48.383+05:00  INFO 13432 --- [Social Media Platform] [SpringApplicationShutdownHook] j.LocalContainerEntityManagerFactoryBean : Closing JPA EntityManagerFactory for persistence unit 'default'
2025-03-09T15:13:48.387+05:00  INFO 13432 --- [Social Media Platform] [SpringApplicationShutdownHook] com.zaxxer.hikari.HikariDataSource       : HikariPool-1 - Shutdown initiated...
2025-03-09T15:13:48.403+05:00  INFO 13432 --- [Social Media Platform] [SpringApplicationShutdownHook] com.zaxxer.hikari.HikariDataSource       : HikariPool-1 - Shutdown completed.
2025-03-09T15:13:48.408+05:00  INFO 13432 --- [Social Media Platform] [SpringApplicationShutdownHook] org.ehcache.core.EhcacheManager          : Cache 'posts' removed from EhcacheManager.
2025-03-09T15:13:48.409+05:00  INFO 13432 --- [Social Media Platform] [SpringApplicationShutdownHook] org.ehcache.core.EhcacheManager          : Cache 'users' removed from EhcacheManager.
2025-03-09T15:13:56.800+05:00  INFO 6804 --- [Social Media Platform] [main] c.s.SocialMediaPlatformApplication       : Starting SocialMediaPlatformApplication using Java 17.0.13 with PID 6804 (E:\assignment\Social-Media-Platform\target\classes started by Attar Telecom in E:\assignment\Social-Media-Platform)
2025-03-09T15:13:56.807+05:00  INFO 6804 --- [Social Media Platform] [main] c.s.SocialMediaPlatformApplication       : No active profile set, falling back to 1 default profile: "default"
2025-03-09T15:14:00.264+05:00  INFO 6804 --- [Social Media Platform] [main] .s.d.r.c.RepositoryConfigurationDelegate : Bootstrapping Spring Data JPA repositories in DEFAULT mode.
2025-03-09T15:14:00.443+05:00  INFO 6804 --- [Social Media Platform] [main] .s.d.r.c.RepositoryConfigurationDelegate : Finished Spring Data repository scanning in 152 ms. Found 4 JPA repository interfaces.
2025-03-09T15:14:05.026+05:00  INFO 6804 --- [Social Media Platform] [main] o.s.b.w.embedded.tomcat.TomcatWebServer  : Tomcat initialized with port 8080 (http)
2025-03-09T15:14:05.051+05:00  INFO 6804 --- [Social Media Platform] [main] o.apache.catalina.core.StandardService   : Starting service [Tomcat]
2025-03-09T15:14:05.052+05:00  INFO 6804 --- [Social Media Platform] [main] o.apache.catalina.core.StandardEngine    : Starting Servlet engine: [Apache Tomcat/10.1.18]
2025-03-09T15:14:05.415+05:00  INFO 6804 --- [Social Media Platform] [main] o.a.c.c.C.[Tomcat].[localhost].[/]       : Initializing Spring embedded WebApplicationContext
2025-03-09T15:14:05.416+05:00  INFO 6804 --- [Social Media Platform] [main] w.s.c.ServletWebServerApplicationContext : Root WebApplicationContext: initialization completed in 8444 ms
2025-03-09T15:14:07.748+05:00  INFO 6804 --- [Social Media Platform] [main] org.ehcache.core.EhcacheManager          : Cache 'posts' created in EhcacheManager.
2025-03-09T15:14:07.759+05:00  INFO 6804 --- [Social Media Platform] [main] org.ehcache.core.EhcacheManager          : Cache 'users' created in EhcacheManager.
2025-03-09T15:14:07.845+05:00  INFO 6804 --- [Social Media Platform] [main] org.ehcache.jsr107.Eh107CacheManager     : Registering Ehcache MBean javax.cache:type=CacheStatistics,CacheManager=file./E./assignment/Social-Media-Platform/target/classes/ehcache.xml,Cache=posts
2025-03-09T15:14:07.849+05:00  INFO 6804 --- [Social Media Platform] [main] org.ehcache.jsr107.Eh107CacheManager     : Registering Ehcache MBean javax.cache:type=CacheStatistics,CacheManager=file./E./assignment/Social-Media-Platform/target/classes/ehcache.xml,Cache=users
2025-03-09T15:14:09.050+05:00  INFO 6804 --- [Social Media Platform] [main] o.hibernate.jpa.internal.util.LogHelper  : HHH000204: Processing PersistenceUnitInfo [name: default]
2025-03-09T15:14:09.458+05:00  INFO 6804 --- [Social Media Platform] [main] org.hibernate.Version                    : HHH000412: Hibernate ORM core version 6.4.1.Final
2025-03-09T15:14:09.586+05:00  INFO 6804 --- [Social Media Platform] [main] o.h.c.internal.RegionFactoryInitiator    : HHH000026: Second-level cache disabled
2025-03-09T15:14:10.332+05:00  INFO 6804 --- [Social Media Platform] [main] o.s.o.j.p.SpringPersistenceUnitInfo      : No LoadTimeWeaver setup: ignoring JPA class transformer
2025-03-09T15:14:10.416+05:00  INFO 6804 --- [Social Media Platform] [main] com.zaxxer.hikari.HikariDataSource       : HikariPool-1 - Starting...
2025-03-09T15:14:11.367+05:00  INFO 6804 --- [Social Media Platform] [main] com.zaxxer.hikari.pool.HikariPool        : HikariPool-1 - Added connection com.mysql.cj.jdbc.ConnectionImpl@5065bdac
2025-03-09T15:14:11.373+05:00  INFO 6804 --- [Social Media Platform] [main] com.zaxxer.hikari.HikariDataSource       : HikariPool-1 - Start completed.
2025-03-09T15:14:15.814+05:00  INFO 6804 --- [Social Media Platform] [main] o.h.e.t.j.p.i.JtaPlatformInitiator       : HHH000489: No JTA platform available (set 'hibernate.transaction.jta.platform' to enable JTA platform integration)
2025-03-09T15:14:16.155+05:00  INFO 6804 --- [Social Media Platform] [main] j.LocalContainerEntityManagerFactoryBean : Initialized JPA EntityManagerFactory for persistence unit 'default'
2025-03-09T15:14:19.971+05:00  INFO 6804 --- [Social Media Platform] [main] o.s.d.j.r.query.QueryEnhancerFactory     : Hibernate is in classpath; If applicable, HQL parser will be used.
2025-03-09T15:14:24.759+05:00  WARN 6804 --- [Social Media Platform] [main] JpaBaseConfiguration$JpaWebConfiguration : spring.jpa.open-in-view is enabled by default. Therefore, database queries may be performed during view rendering. Explicitly configure spring.jpa.open-in-view to disable this warning
2025-03-09T15:14:27.822+05:00  INFO 6804 --- [Social Media Platform] [main] o.s.s.web.DefaultSecurityFilterChain     : Will secure any request with [org.springframework.security.web.session.DisableEncodeUrlFilter@6fc1a561, org.springframework.security.web.context.request.async.WebAsyncManagerIntegrationFilter@501dd0b4, org.springframework.security.web.context.SecurityContextHolderFilter@3f01e7c8, org.springframework.security.web.header.HeaderWriterFilter@10353925, org.springframework.web.filter.CorsFilter@5199d74e, org.springframework.security.web.authentication.logout.LogoutFilter@295d8852, com.socialmediaplatform.Util.JwtRequestFilter@3dbdcfa2, org.springframework.security.web.savedrequest.RequestCacheAwareFilter@10ea88c7, org.springframework.security.web.servletapi.SecurityContextHolderAwareRequestFilter@555cc0ba, org.springframework.security.web.authentication.AnonymousAuthenticationFilter@763df8f3, org.springframework.security.web.session.SessionManagementFilter@4136d4da, org.springframework.security.web.access.ExceptionTranslationFilter@6d2d7a55, org.springframework.security.web.access.intercept.AuthorizationFilter@35069061]
2025-03-09T15:14:30.098+05:00  INFO 6804 --- [Social Media Platform] [main] o.s.b.w.embedded.tomcat.TomcatWebServer  : Tomcat started on port 8080 (http) with context path ''
2025-03-09T15:14:30.128+05:00  INFO 6804 --- [Social Media Platform] [main] c.s.SocialMediaPlatformApplication       : Started SocialMediaPlatformApplication in 34.515 seconds (process running for 36.141)
2025-03-09T15:14:48.822+05:00  INFO 6804 --- [Social Media Platform] [http-nio-8080-exec-1] o.a.c.c.C.[Tomcat].[localhost].[/]       : Initializing Spring DispatcherServlet 'dispatcherServlet'
2025-03-09T15:14:48.823+05:00  INFO 6804 --- [Social Media Platform] [http-nio-8080-exec-1] o.s.web.servlet.DispatcherServlet        : Initializing Servlet 'dispatcherServlet'
2025-03-09T15:14:48.824+05:00  INFO 6804 --- [Social Media Platform] [http-nio-8080-exec-1] o.s.web.servlet.DispatcherServlet        : Completed initialization in 1 ms
2025-03-09T15:14:49.140+05:00  INFO 6804 --- [Social Media Platform] [http-nio-8080-exec-1] c.s.aspect.LoggingAspect                 : Entering method: ResponseEntity com.socialmediaplatform.controller.UserController.loginUser(LoginDTO)
2025-03-09T15:14:49.154+05:00  INFO 6804 --- [Social Media Platform] [http-nio-8080-exec-1] c.s.aspect.LoggingAspect                 : Request Argument: LoginDTO{email='al@gmail.com', password='11111'}
2025-03-09T15:14:49.890+05:00  INFO 6804 --- [Social Media Platform] [http-nio-8080-exec-1] c.s.aspect.ExecutionTimeAspect           : Method: ResponseEntity com.socialmediaplatform.service.impl.UserServiceImpl.loginUser(LoginDTO) | Execution Time: 725 ms
2025-03-09T15:14:49.890+05:00  INFO 6804 --- [Social Media Platform] [http-nio-8080-exec-1] c.s.aspect.LoggingAspect                 : Method executed: ResponseEntity com.socialmediaplatform.controller.UserController.loginUser(LoginDTO)
2025-03-09T15:14:49.891+05:00  INFO 6804 --- [Social Media Platform] [http-nio-8080-exec-1] c.s.aspect.LoggingAspect                 : Response Class: org.springframework.http.ResponseEntity
2025-03-09T15:14:49.894+05:00  INFO 6804 --- [Social Media Platform] [http-nio-8080-exec-1] c.s.aspect.LoggingAspect                 : Response: com.socialmediaplatform.Response.LoginResponse@4aa30c02
2025-03-09T16:26:16.047+05:00  INFO 6804 --- [Social Media Platform] [SpringApplicationShutdownHook] j.LocalContainerEntityManagerFactoryBean : Closing JPA EntityManagerFactory for persistence unit 'default'
2025-03-09T16:26:16.055+05:00  INFO 6804 --- [Social Media Platform] [SpringApplicationShutdownHook] com.zaxxer.hikari.HikariDataSource       : HikariPool-1 - Shutdown initiated...
2025-03-09T16:26:16.069+05:00  INFO 6804 --- [Social Media Platform] [SpringApplicationShutdownHook] com.zaxxer.hikari.HikariDataSource       : HikariPool-1 - Shutdown completed.
2025-03-09T16:26:16.076+05:00  INFO 6804 --- [Social Media Platform] [SpringApplicationShutdownHook] org.ehcache.core.EhcacheManager          : Cache 'posts' removed from EhcacheManager.
2025-03-09T16:26:16.076+05:00  INFO 6804 --- [Social Media Platform] [SpringApplicationShutdownHook] org.ehcache.core.EhcacheManager          : Cache 'users' removed from EhcacheManager.
2025-03-09T16:26:28.532+05:00  INFO 3524 --- [Social Media Platform] [main] c.s.SocialMediaPlatformApplication       : Starting SocialMediaPlatformApplication using Java 17.0.13 with PID 3524 (E:\assignment\Social-Media-Platform\target\classes started by Attar Telecom in E:\assignment\Social-Media-Platform)
2025-03-09T16:26:28.542+05:00  INFO 3524 --- [Social Media Platform] [main] c.s.SocialMediaPlatformApplication       : No active profile set, falling back to 1 default profile: "default"
2025-03-09T16:26:31.702+05:00  INFO 3524 --- [Social Media Platform] [main] .s.d.r.c.RepositoryConfigurationDelegate : Bootstrapping Spring Data JPA repositories in DEFAULT mode.
2025-03-09T16:26:31.987+05:00  INFO 3524 --- [Social Media Platform] [main] .s.d.r.c.RepositoryConfigurationDelegate : Finished Spring Data repository scanning in 243 ms. Found 4 JPA repository interfaces.
2025-03-09T16:26:34.817+05:00  INFO 3524 --- [Social Media Platform] [main] o.s.b.w.embedded.tomcat.TomcatWebServer  : Tomcat initialized with port 8080 (http)
2025-03-09T16:26:34.842+05:00  INFO 3524 --- [Social Media Platform] [main] o.apache.catalina.core.StandardService   : Starting service [Tomcat]
2025-03-09T16:26:34.842+05:00  INFO 3524 --- [Social Media Platform] [main] o.apache.catalina.core.StandardEngine    : Starting Servlet engine: [Apache Tomcat/10.1.18]
2025-03-09T16:26:35.175+05:00  INFO 3524 --- [Social Media Platform] [main] o.a.c.c.C.[Tomcat].[localhost].[/]       : Initializing Spring embedded WebApplicationContext
2025-03-09T16:26:35.176+05:00  INFO 3524 --- [Social Media Platform] [main] w.s.c.ServletWebServerApplicationContext : Root WebApplicationContext: initialization completed in 6459 ms
2025-03-09T16:26:37.172+05:00  INFO 3524 --- [Social Media Platform] [main] org.ehcache.core.EhcacheManager          : Cache 'posts' created in EhcacheManager.
2025-03-09T16:26:37.178+05:00  INFO 3524 --- [Social Media Platform] [main] org.ehcache.core.EhcacheManager          : Cache 'users' created in EhcacheManager.
2025-03-09T16:26:37.228+05:00  INFO 3524 --- [Social Media Platform] [main] org.ehcache.jsr107.Eh107CacheManager     : Registering Ehcache MBean javax.cache:type=CacheStatistics,CacheManager=file./E./assignment/Social-Media-Platform/target/classes/ehcache.xml,Cache=posts
2025-03-09T16:26:37.234+05:00  INFO 3524 --- [Social Media Platform] [main] org.ehcache.jsr107.Eh107CacheManager     : Registering Ehcache MBean javax.cache:type=CacheStatistics,CacheManager=file./E./assignment/Social-Media-Platform/target/classes/ehcache.xml,Cache=users
2025-03-09T16:26:37.887+05:00  INFO 3524 --- [Social Media Platform] [main] o.hibernate.jpa.internal.util.LogHelper  : HHH000204: Processing PersistenceUnitInfo [name: default]
2025-03-09T16:26:38.173+05:00  INFO 3524 --- [Social Media Platform] [main] org.hibernate.Version                    : HHH000412: Hibernate ORM core version 6.4.1.Final
2025-03-09T16:26:38.267+05:00  INFO 3524 --- [Social Media Platform] [main] o.h.c.internal.RegionFactoryInitiator    : HHH000026: Second-level cache disabled
2025-03-09T16:26:38.975+05:00  INFO 3524 --- [Social Media Platform] [main] o.s.o.j.p.SpringPersistenceUnitInfo      : No LoadTimeWeaver setup: ignoring JPA class transformer
2025-03-09T16:26:39.197+05:00  INFO 3524 --- [Social Media Platform] [main] com.zaxxer.hikari.HikariDataSource       : HikariPool-1 - Starting...
2025-03-09T16:26:40.067+05:00  INFO 3524 --- [Social Media Platform] [main] com.zaxxer.hikari.pool.HikariPool        : HikariPool-1 - Added connection com.mysql.cj.jdbc.ConnectionImpl@f4d391c
2025-03-09T16:26:40.072+05:00  INFO 3524 --- [Social Media Platform] [main] com.zaxxer.hikari.HikariDataSource       : HikariPool-1 - Start completed.
2025-03-09T16:26:44.223+05:00  INFO 3524 --- [Social Media Platform] [main] o.h.e.t.j.p.i.JtaPlatformInitiator       : HHH000489: No JTA platform available (set 'hibernate.transaction.jta.platform' to enable JTA platform integration)
2025-03-09T16:26:44.498+05:00  INFO 3524 --- [Social Media Platform] [main] j.LocalContainerEntityManagerFactoryBean : Initialized JPA EntityManagerFactory for persistence unit 'default'
2025-03-09T16:26:48.636+05:00  INFO 3524 --- [Social Media Platform] [main] o.s.d.j.r.query.QueryEnhancerFactory     : Hibernate is in classpath; If applicable, HQL parser will be used.
2025-03-09T16:26:53.975+05:00  WARN 3524 --- [Social Media Platform] [main] JpaBaseConfiguration$JpaWebConfiguration : spring.jpa.open-in-view is enabled by default. Therefore, database queries may be performed during view rendering. Explicitly configure spring.jpa.open-in-view to disable this warning
2025-03-09T16:26:55.452+05:00  INFO 3524 --- [Social Media Platform] [main] o.s.s.web.DefaultSecurityFilterChain     : Will secure any request with [org.springframework.security.web.session.DisableEncodeUrlFilter@7879348, org.springframework.security.web.context.request.async.WebAsyncManagerIntegrationFilter@6b869242, org.springframework.security.web.context.SecurityContextHolderFilter@24c6f389, org.springframework.security.web.header.HeaderWriterFilter@2c4c5627, org.springframework.web.filter.CorsFilter@4ee706ff, org.springframework.security.web.authentication.logout.LogoutFilter@25452a5d, com.socialmediaplatform.Util.JwtRequestFilter@27cda5f, org.springframework.security.web.savedrequest.RequestCacheAwareFilter@2159137c, org.springframework.security.web.servletapi.SecurityContextHolderAwareRequestFilter@7073b501, org.springframework.security.web.authentication.AnonymousAuthenticationFilter@25daa0a0, org.springframework.security.web.session.SessionManagementFilter@b0f9c63, org.springframework.security.web.access.ExceptionTranslationFilter@1435a1f8, org.springframework.security.web.access.intercept.AuthorizationFilter@67a84d80]
2025-03-09T16:26:58.885+05:00  INFO 3524 --- [Social Media Platform] [main] o.s.b.w.embedded.tomcat.TomcatWebServer  : Tomcat started on port 8080 (http) with context path ''
2025-03-09T16:26:58.932+05:00  INFO 3524 --- [Social Media Platform] [main] c.s.SocialMediaPlatformApplication       : Started SocialMediaPlatformApplication in 31.666 seconds (process running for 34.009)
2025-03-09T16:27:00.834+05:00  INFO 3524 --- [Social Media Platform] [http-nio-8080-exec-1] o.a.c.c.C.[Tomcat].[localhost].[/]       : Initializing Spring DispatcherServlet 'dispatcherServlet'
2025-03-09T16:27:00.835+05:00  INFO 3524 --- [Social Media Platform] [http-nio-8080-exec-1] o.s.web.servlet.DispatcherServlet        : Initializing Servlet 'dispatcherServlet'
2025-03-09T16:27:00.838+05:00  INFO 3524 --- [Social Media Platform] [http-nio-8080-exec-1] o.s.web.servlet.DispatcherServlet        : Completed initialization in 3 ms
2025-03-09T16:27:01.322+05:00  INFO 3524 --- [Social Media Platform] [http-nio-8080-exec-1] c.s.aspect.LoggingAspect                 : Entering method: ResponseEntity com.socialmediaplatform.controller.UserController.loginUser(LoginDTO)
2025-03-09T16:27:01.323+05:00  INFO 3524 --- [Social Media Platform] [http-nio-8080-exec-1] c.s.aspect.LoggingAspect                 : Request Argument: LoginDTO{email='al@gmail.com', password='11111'}
2025-03-09T16:27:02.028+05:00  INFO 3524 --- [Social Media Platform] [http-nio-8080-exec-1] c.s.aspect.ExecutionTimeAspect           : Method: ResponseEntity com.socialmediaplatform.service.impl.UserServiceImpl.loginUser(LoginDTO) | Execution Time: 704 ms
2025-03-09T16:27:02.029+05:00  INFO 3524 --- [Social Media Platform] [http-nio-8080-exec-1] c.s.aspect.LoggingAspect                 : Method executed: ResponseEntity com.socialmediaplatform.controller.UserController.loginUser(LoginDTO)
2025-03-09T16:27:02.030+05:00  INFO 3524 --- [Social Media Platform] [http-nio-8080-exec-1] c.s.aspect.LoggingAspect                 : Response Class: org.springframework.http.ResponseEntity
2025-03-09T16:27:02.030+05:00  INFO 3524 --- [Social Media Platform] [http-nio-8080-exec-1] c.s.aspect.LoggingAspect                 : Response: LoginResponse{token='eyJhbGciOiJIUzI1NiJ9.eyJ1c2VySWQiOjIsInN1YiI6ImFsQGdtYWlsLmNvbSIsImlhdCI6MTc0MTUxOTYyMSwiZXhwIjoxNzQyMzgzNjIxfQ.BSZQmpzspA7-ru_ULUNqDqBU0yYfcUjFAtm5oJJrpVQ'}
2025-03-09T16:27:41.337+05:00  INFO 3524 --- [Social Media Platform] [http-nio-8080-exec-3] c.s.aspect.LoggingAspect                 : Entering method: ResponseEntity com.socialmediaplatform.controller.UserController.registerUser(RegisterDTO)
2025-03-09T16:27:41.347+05:00  INFO 3524 --- [Social Media Platform] [http-nio-8080-exec-3] c.s.aspect.LoggingAspect                 : Request Argument: RegisterDTO{username='log again check', email='logagain@gmail.com', password='33333', profilePicture='null', bio='null'}
2025-03-09T16:27:42.653+05:00  INFO 3524 --- [Social Media Platform] [http-nio-8080-exec-3] c.s.aspect.ExecutionTimeAspect           : Method: ResponseEntity com.socialmediaplatform.service.impl.UserServiceImpl.registerUser(RegisterDTO) | Execution Time: 1305 ms
2025-03-09T16:27:42.654+05:00  INFO 3524 --- [Social Media Platform] [http-nio-8080-exec-3] c.s.aspect.LoggingAspect                 : Method executed: ResponseEntity com.socialmediaplatform.controller.UserController.registerUser(RegisterDTO)
2025-03-09T16:27:42.654+05:00  INFO 3524 --- [Social Media Platform] [http-nio-8080-exec-3] c.s.aspect.LoggingAspect                 : Response Class: org.springframework.http.ResponseEntity
2025-03-09T16:27:42.655+05:00  INFO 3524 --- [Social Media Platform] [http-nio-8080-exec-3] c.s.aspect.LoggingAspect                 : Response: RegisterUserResponse{message='User registered successfully', userId=5}
2025-03-09T16:28:43.495+05:00 ERROR 3524 --- [Social Media Platform] [http-nio-8080-exec-6] o.a.c.c.C.[.[.[/].[dispatcherServlet]    : Servlet.service() for servlet [dispatcherServlet] in context with path [] threw exception

io.jsonwebtoken.security.SignatureException: JWT signature does not match locally computed signature. JWT validity cannot be asserted and should not be trusted.
	at io.jsonwebtoken.impl.DefaultJwtParser.parse(DefaultJwtParser.java:399) ~[jjwt-impl-0.11.5.jar:0.11.5]
	at io.jsonwebtoken.impl.DefaultJwtParser.parse(DefaultJwtParser.java:529) ~[jjwt-impl-0.11.5.jar:0.11.5]
	at io.jsonwebtoken.impl.DefaultJwtParser.parseClaimsJws(DefaultJwtParser.java:589) ~[jjwt-impl-0.11.5.jar:0.11.5]
	at io.jsonwebtoken.impl.ImmutableJwtParser.parseClaimsJws(ImmutableJwtParser.java:173) ~[jjwt-impl-0.11.5.jar:0.11.5]
	at com.socialmediaplatform.Util.JwtUtil.extractAllClaims(JwtUtil.java:77) ~[classes/:na]
	at com.socialmediaplatform.Util.JwtUtil.extractClaim(JwtUtil.java:61) ~[classes/:na]
	at com.socialmediaplatform.Util.JwtUtil.extractUsername(JwtUtil.java:51) ~[classes/:na]
	at com.socialmediaplatform.Util.JwtRequestFilter.doFilterInternal(JwtRequestFilter.java:38) ~[classes/:na]
	at org.springframework.web.filter.OncePerRequestFilter.doFilter(OncePerRequestFilter.java:116) ~[spring-web-6.1.3.jar:6.1.3]
	at org.springframework.security.web.FilterChainProxy$VirtualFilterChain.doFilter(FilterChainProxy.java:374) ~[spring-security-web-6.2.1.jar:6.2.1]
	at org.springframework.security.web.authentication.logout.LogoutFilter.doFilter(LogoutFilter.java:107) ~[spring-security-web-6.2.1.jar:6.2.1]
	at org.springframework.security.web.authentication.logout.LogoutFilter.doFilter(LogoutFilter.java:93) ~[spring-security-web-6.2.1.jar:6.2.1]
	at org.springframework.security.web.FilterChainProxy$VirtualFilterChain.doFilter(FilterChainProxy.java:374) ~[spring-security-web-6.2.1.jar:6.2.1]
	at org.springframework.web.filter.CorsFilter.doFilterInternal(CorsFilter.java:91) ~[spring-web-6.1.3.jar:6.1.3]
	at org.springframework.web.filter.OncePerRequestFilter.doFilter(OncePerRequestFilter.java:116) ~[spring-web-6.1.3.jar:6.1.3]
	at org.springframework.security.web.FilterChainProxy$VirtualFilterChain.doFilter(FilterChainProxy.java:374) ~[spring-security-web-6.2.1.jar:6.2.1]
	at org.springframework.security.web.header.HeaderWriterFilter.doHeadersAfter(HeaderWriterFilter.java:90) ~[spring-security-web-6.2.1.jar:6.2.1]
	at org.springframework.security.web.header.HeaderWriterFilter.doFilterInternal(HeaderWriterFilter.java:75) ~[spring-security-web-6.2.1.jar:6.2.1]
	at org.springframework.web.filter.OncePerRequestFilter.doFilter(OncePerRequestFilter.java:116) ~[spring-web-6.1.3.jar:6.1.3]
	at org.springframework.security.web.FilterChainProxy$VirtualFilterChain.doFilter(FilterChainProxy.java:374) ~[spring-security-web-6.2.1.jar:6.2.1]
	at org.springframework.security.web.context.SecurityContextHolderFilter.doFilter(SecurityContextHolderFilter.java:82) ~[spring-security-web-6.2.1.jar:6.2.1]
	at org.springframework.security.web.context.SecurityContextHolderFilter.doFilter(SecurityContextHolderFilter.java:69) ~[spring-security-web-6.2.1.jar:6.2.1]
	at org.springframework.security.web.FilterChainProxy$VirtualFilterChain.doFilter(FilterChainProxy.java:374) ~[spring-security-web-6.2.1.jar:6.2.1]
	at org.springframework.security.web.context.request.async.WebAsyncManagerIntegrationFilter.doFilterInternal(WebAsyncManagerIntegrationFilter.java:62) ~[spring-security-web-6.2.1.jar:6.2.1]
	at org.springframework.web.filter.OncePerRequestFilter.doFilter(OncePerRequestFilter.java:116) ~[spring-web-6.1.3.jar:6.1.3]
	at org.springframework.security.web.FilterChainProxy$VirtualFilterChain.doFilter(FilterChainProxy.java:374) ~[spring-security-web-6.2.1.jar:6.2.1]
	at org.springframework.security.web.session.DisableEncodeUrlFilter.doFilterInternal(DisableEncodeUrlFilter.java:42) ~[spring-security-web-6.2.1.jar:6.2.1]
	at org.springframework.web.filter.OncePerRequestFilter.doFilter(OncePerRequestFilter.java:116) ~[spring-web-6.1.3.jar:6.1.3]
	at org.springframework.security.web.FilterChainProxy$VirtualFilterChain.doFilter(FilterChainProxy.java:374) ~[spring-security-web-6.2.1.jar:6.2.1]
	at org.springframework.security.web.FilterChainProxy.doFilterInternal(FilterChainProxy.java:233) ~[spring-security-web-6.2.1.jar:6.2.1]
	at org.springframework.security.web.FilterChainProxy.doFilter(FilterChainProxy.java:191) ~[spring-security-web-6.2.1.jar:6.2.1]
	at org.springframework.web.filter.CompositeFilter$VirtualFilterChain.doFilter(CompositeFilter.java:113) ~[spring-web-6.1.3.jar:6.1.3]
	at org.springframework.web.servlet.handler.HandlerMappingIntrospector.lambda$createCacheFilter$3(HandlerMappingIntrospector.java:195) ~[spring-webmvc-6.1.3.jar:6.1.3]
	at org.springframework.web.filter.CompositeFilter$VirtualFilterChain.doFilter(CompositeFilter.java:113) ~[spring-web-6.1.3.jar:6.1.3]
	at org.springframework.web.filter.CompositeFilter.doFilter(CompositeFilter.java:74) ~[spring-web-6.1.3.jar:6.1.3]
	at org.springframework.security.config.annotation.web.configuration.WebMvcSecurityConfiguration$CompositeFilterChainProxy.doFilter(WebMvcSecurityConfiguration.java:225) ~[spring-security-config-6.2.1.jar:6.2.1]
	at org.springframework.web.filter.DelegatingFilterProxy.invokeDelegate(DelegatingFilterProxy.java:352) ~[spring-web-6.1.3.jar:6.1.3]
	at org.springframework.web.filter.DelegatingFilterProxy.doFilter(DelegatingFilterProxy.java:268) ~[spring-web-6.1.3.jar:6.1.3]
	at org.apache.catalina.core.ApplicationFilterChain.internalDoFilter(ApplicationFilterChain.java:174) ~[tomcat-embed-core-10.1.18.jar:10.1.18]
	at org.apache.catalina.core.ApplicationFilterChain.doFilter(ApplicationFilterChain.java:149) ~[tomcat-embed-core-10.1.18.jar:10.1.18]
	at org.springframework.web.filter.RequestContextFilter.doFilterInternal(RequestContextFilter.java:100) ~[spring-web-6.1.3.jar:6.1.3]
	at org.springframework.web.filter.OncePerRequestFilter.doFilter(OncePerRequestFilter.java:116) ~[spring-web-6.1.3.jar:6.1.3]
	at org.apache.catalina.core.ApplicationFilterChain.internalDoFilter(ApplicationFilterChain.java:174) ~[tomcat-embed-core-10.1.18.jar:10.1.18]
	at org.apache.catalina.core.ApplicationFilterChain.doFilter(ApplicationFilterChain.java:149) ~[tomcat-embed-core-10.1.18.jar:10.1.18]
	at org.springframework.web.filter.FormContentFilter.doFilterInternal(FormContentFilter.java:93) ~[spring-web-6.1.3.jar:6.1.3]
	at org.springframework.web.filter.OncePerRequestFilter.doFilter(OncePerRequestFilter.java:116) ~[spring-web-6.1.3.jar:6.1.3]
	at org.apache.catalina.core.ApplicationFilterChain.internalDoFilter(ApplicationFilterChain.java:174) ~[tomcat-embed-core-10.1.18.jar:10.1.18]
	at org.apache.catalina.core.ApplicationFilterChain.doFilter(ApplicationFilterChain.java:149) ~[tomcat-embed-core-10.1.18.jar:10.1.18]
	at org.springframework.web.filter.CharacterEncodingFilter.doFilterInternal(CharacterEncodingFilter.java:201) ~[spring-web-6.1.3.jar:6.1.3]
	at org.springframework.web.filter.OncePerRequestFilter.doFilter(OncePerRequestFilter.java:116) ~[spring-web-6.1.3.jar:6.1.3]
	at org.apache.catalina.core.ApplicationFilterChain.internalDoFilter(ApplicationFilterChain.java:174) ~[tomcat-embed-core-10.1.18.jar:10.1.18]
	at org.apache.catalina.core.ApplicationFilterChain.doFilter(ApplicationFilterChain.java:149) ~[tomcat-embed-core-10.1.18.jar:10.1.18]
	at org.apache.catalina.core.StandardWrapperValve.invoke(StandardWrapperValve.java:167) ~[tomcat-embed-core-10.1.18.jar:10.1.18]
	at org.apache.catalina.core.StandardContextValve.invoke(StandardContextValve.java:90) ~[tomcat-embed-core-10.1.18.jar:10.1.18]
	at org.apache.catalina.authenticator.AuthenticatorBase.invoke(AuthenticatorBase.java:482) ~[tomcat-embed-core-10.1.18.jar:10.1.18]
	at org.apache.catalina.core.StandardHostValve.invoke(StandardHostValve.java:115) ~[tomcat-embed-core-10.1.18.jar:10.1.18]
	at org.apache.catalina.valves.ErrorReportValve.invoke(ErrorReportValve.java:93) ~[tomcat-embed-core-10.1.18.jar:10.1.18]
	at org.apache.catalina.core.StandardEngineValve.invoke(StandardEngineValve.java:74) ~[tomcat-embed-core-10.1.18.jar:10.1.18]
	at org.apache.catalina.connector.CoyoteAdapter.service(CoyoteAdapter.java:340) ~[tomcat-embed-core-10.1.18.jar:10.1.18]
	at org.apache.coyote.http11.Http11Processor.service(Http11Processor.java:391) ~[tomcat-embed-core-10.1.18.jar:10.1.18]
	at org.apache.coyote.AbstractProcessorLight.process(AbstractProcessorLight.java:63) ~[tomcat-embed-core-10.1.18.jar:10.1.18]
	at org.apache.coyote.AbstractProtocol$ConnectionHandler.process(AbstractProtocol.java:896) ~[tomcat-embed-core-10.1.18.jar:10.1.18]
	at org.apache.tomcat.util.net.NioEndpoint$SocketProcessor.doRun(NioEndpoint.java:1744) ~[tomcat-embed-core-10.1.18.jar:10.1.18]
	at org.apache.tomcat.util.net.SocketProcessorBase.run(SocketProcessorBase.java:52) ~[tomcat-embed-core-10.1.18.jar:10.1.18]
	at org.apache.tomcat.util.threads.ThreadPoolExecutor.runWorker(ThreadPoolExecutor.java:1191) ~[tomcat-embed-core-10.1.18.jar:10.1.18]
	at org.apache.tomcat.util.threads.ThreadPoolExecutor$Worker.run(ThreadPoolExecutor.java:659) ~[tomcat-embed-core-10.1.18.jar:10.1.18]
	at org.apache.tomcat.util.threads.TaskThread$WrappingRunnable.run(TaskThread.java:61) ~[tomcat-embed-core-10.1.18.jar:10.1.18]
	at java.base/java.lang.Thread.run(Thread.java:840) ~[na:na]

2025-03-09T16:29:09.343+05:00  INFO 3524 --- [Social Media Platform] [http-nio-8080-exec-7] c.s.aspect.LoggingAspect                 : Entering method: ResponseEntity com.socialmediaplatform.controller.UserController.getUserProfile(Long)
2025-03-09T16:29:09.349+05:00  INFO 3524 --- [Social Media Platform] [http-nio-8080-exec-7] c.s.aspect.LoggingAspect                 : Request Argument: 1
2025-03-09T16:29:09.402+05:00  INFO 3524 --- [Social Media Platform] [http-nio-8080-exec-7] c.s.aspect.ExecutionTimeAspect           : Method: ResponseEntity com.socialmediaplatform.service.impl.UserServiceImpl.getUserProfile(Long) | Execution Time: 36 ms
2025-03-09T16:29:09.415+05:00  INFO 3524 --- [Social Media Platform] [http-nio-8080-exec-7] c.s.aspect.LoggingAspect                 : Method executed: ResponseEntity com.socialmediaplatform.controller.UserController.getUserProfile(Long)
2025-03-09T16:29:09.415+05:00  INFO 3524 --- [Social Media Platform] [http-nio-8080-exec-7] c.s.aspect.LoggingAspect                 : Response Class: org.springframework.http.ResponseEntity
2025-03-09T16:29:09.415+05:00  INFO 3524 --- [Social Media Platform] [http-nio-8080-exec-7] c.s.aspect.LoggingAspect                 : Response: UserProfileResponse{id=1, username='Ali1', email='ali1214@gmail.com', profilePicture='null', bio='null'}
2025-03-09T16:30:13.646+05:00  INFO 3524 --- [Social Media Platform] [http-nio-8080-exec-10] c.s.aspect.LoggingAspect                 : Entering method: ResponseEntity com.socialmediaplatform.controller.UserController.followUser(Long,String)
2025-03-09T16:30:13.647+05:00  INFO 3524 --- [Social Media Platform] [http-nio-8080-exec-10] c.s.aspect.LoggingAspect                 : Request Argument: 1
2025-03-09T16:30:13.647+05:00  INFO 3524 --- [Social Media Platform] [http-nio-8080-exec-10] c.s.aspect.LoggingAspect                 : Request Argument: Bearer eyJhbGciOiJIUzI1NiJ9.eyJ1c2VySWQiOjIsInN1YiI6ImFsQGdtYWlsLmNvbSIsImlhdCI6MTc0MTUxOTYyMSwiZXhwIjoxNzQyMzgzNjIxfQ.BSZQmpzspA7-ru_ULUNqDqBU0yYfcUjFAtm5oJJrpVQ
2025-03-09T16:30:13.723+05:00  INFO 3524 --- [Social Media Platform] [http-nio-8080-exec-10] c.s.aspect.ExecutionTimeAspect           : Method: ResponseEntity com.socialmediaplatform.service.impl.FollowServiceImpl.followUser(Long,Long) | Execution Time: 64 ms
2025-03-09T16:30:13.723+05:00  INFO 3524 --- [Social Media Platform] [http-nio-8080-exec-10] c.s.aspect.LoggingAspect                 : Method executed: ResponseEntity com.socialmediaplatform.controller.UserController.followUser(Long,String)
2025-03-09T16:30:13.723+05:00  INFO 3524 --- [Social Media Platform] [http-nio-8080-exec-10] c.s.aspect.LoggingAspect                 : Response Class: org.springframework.http.ResponseEntity
2025-03-09T16:30:13.723+05:00  INFO 3524 --- [Social Media Platform] [http-nio-8080-exec-10] c.s.aspect.LoggingAspect                 : Response: {"message": "You are now following Ali1"}
2025-03-09T16:31:03.023+05:00  INFO 3524 --- [Social Media Platform] [http-nio-8080-exec-3] c.s.aspect.LoggingAspect                 : Entering method: ResponseEntity com.socialmediaplatform.controller.UserController.getUserFollowers(Long)
2025-03-09T16:31:03.023+05:00  INFO 3524 --- [Social Media Platform] [http-nio-8080-exec-3] c.s.aspect.LoggingAspect                 : Request Argument: 1
2025-03-09T16:31:03.052+05:00  INFO 3524 --- [Social Media Platform] [http-nio-8080-exec-3] c.s.aspect.ExecutionTimeAspect           : Method: ResponseEntity com.socialmediaplatform.service.impl.FollowServiceImpl.getUserFollowers(Long) | Execution Time: 29 ms
2025-03-09T16:31:03.053+05:00  INFO 3524 --- [Social Media Platform] [http-nio-8080-exec-3] c.s.aspect.LoggingAspect                 : Method executed: ResponseEntity com.socialmediaplatform.controller.UserController.getUserFollowers(Long)
2025-03-09T16:31:03.053+05:00  INFO 3524 --- [Social Media Platform] [http-nio-8080-exec-3] c.s.aspect.LoggingAspect                 : Response Class: org.springframework.http.ResponseEntity
2025-03-09T16:31:03.054+05:00  INFO 3524 --- [Social Media Platform] [http-nio-8080-exec-3] c.s.aspect.LoggingAspect                 : Response: [Ali1, newuser]
2025-03-09T16:31:22.651+05:00  INFO 3524 --- [Social Media Platform] [http-nio-8080-exec-4] c.s.aspect.LoggingAspect                 : Entering method: ResponseEntity com.socialmediaplatform.controller.UserController.getFollowing(Long)
2025-03-09T16:31:22.651+05:00  INFO 3524 --- [Social Media Platform] [http-nio-8080-exec-4] c.s.aspect.LoggingAspect                 : Request Argument: 1
2025-03-09T16:31:22.690+05:00  INFO 3524 --- [Social Media Platform] [http-nio-8080-exec-4] c.s.aspect.ExecutionTimeAspect           : Method: List com.socialmediaplatform.service.impl.FollowServiceImpl.getFollowingUsernames(Long) | Execution Time: 37 ms
2025-03-09T16:31:22.690+05:00  INFO 3524 --- [Social Media Platform] [http-nio-8080-exec-4] c.s.aspect.LoggingAspect                 : Method executed: ResponseEntity com.socialmediaplatform.controller.UserController.getFollowing(Long)
2025-03-09T16:31:22.690+05:00  INFO 3524 --- [Social Media Platform] [http-nio-8080-exec-4] c.s.aspect.LoggingAspect                 : Response Class: org.springframework.http.ResponseEntity
2025-03-09T16:31:22.691+05:00  INFO 3524 --- [Social Media Platform] [http-nio-8080-exec-4] c.s.aspect.LoggingAspect                 : Response: [Ali1]
2025-03-09T16:32:21.711+05:00  INFO 3524 --- [Social Media Platform] [http-nio-8080-exec-5] c.s.aspect.LoggingAspect                 : Entering method: ResponseEntity com.socialmediaplatform.controller.UserController.searchUsers(SearchRequestDTO)
2025-03-09T16:32:21.712+05:00  INFO 3524 --- [Social Media Platform] [http-nio-8080-exec-5] c.s.aspect.LoggingAspect                 : Request Argument: SearchRequestDTO{keyword='null', page=0, size=0, sortBy='null', sortDirection='null'}
2025-03-09T16:32:21.787+05:00  INFO 3524 --- [Social Media Platform] [http-nio-8080-exec-5] c.s.aspect.ExecutionTimeAspect           : Method: Page com.socialmediaplatform.service.impl.UserServiceImpl.searchUsers(SearchRequestDTO) | Execution Time: 68 ms
2025-03-09T16:32:21.788+05:00  INFO 3524 --- [Social Media Platform] [http-nio-8080-exec-5] c.s.aspect.LoggingAspect                 : Method executed: ResponseEntity com.socialmediaplatform.controller.UserController.searchUsers(SearchRequestDTO)
2025-03-09T16:32:21.788+05:00  INFO 3524 --- [Social Media Platform] [http-nio-8080-exec-5] c.s.aspect.LoggingAspect                 : Response Class: org.springframework.http.ResponseEntity
2025-03-09T16:32:21.789+05:00  INFO 3524 --- [Social Media Platform] [http-nio-8080-exec-5] c.s.aspect.LoggingAspect                 : Response: Page 1 of 3 containing com.socialmediaplatform.dto.UserDTO instances
2025-03-09T16:34:01.203+05:00  INFO 3524 --- [Social Media Platform] [http-nio-8080-exec-8] c.s.aspect.LoggingAspect                 : Entering method: ResponseEntity com.socialmediaplatform.controller.PostController.getAllPosts(int,int,String[])
2025-03-09T16:34:01.203+05:00  INFO 3524 --- [Social Media Platform] [http-nio-8080-exec-8] c.s.aspect.LoggingAspect                 : Request Argument: 0
2025-03-09T16:34:01.203+05:00  INFO 3524 --- [Social Media Platform] [http-nio-8080-exec-8] c.s.aspect.LoggingAspect                 : Request Argument: 5
2025-03-09T16:34:01.203+05:00  INFO 3524 --- [Social Media Platform] [http-nio-8080-exec-8] c.s.aspect.LoggingAspect                 : Request Argument: [timestamp, desc]
2025-03-09T16:34:01.227+05:00  INFO 3524 --- [Social Media Platform] [http-nio-8080-exec-8] c.s.aspect.ExecutionTimeAspect           : Method: Page com.socialmediaplatform.service.impl.PostServicesImpl.getAllPosts(Pageable) | Execution Time: 24 ms
2025-03-09T16:34:01.228+05:00  INFO 3524 --- [Social Media Platform] [http-nio-8080-exec-8] c.s.aspect.LoggingAspect                 : Method executed: ResponseEntity com.socialmediaplatform.controller.PostController.getAllPosts(int,int,String[])
2025-03-09T16:34:01.228+05:00  INFO 3524 --- [Social Media Platform] [http-nio-8080-exec-8] c.s.aspect.LoggingAspect                 : Response Class: org.springframework.http.ResponseEntity
2025-03-09T16:34:01.228+05:00  INFO 3524 --- [Social Media Platform] [http-nio-8080-exec-8] c.s.aspect.LoggingAspect                 : Response: Page 1 of 1 containing com.socialmediaplatform.entities.Post instances
2025-03-09T16:36:33.905+05:00  INFO 3524 --- [Social Media Platform] [SpringApplicationShutdownHook] j.LocalContainerEntityManagerFactoryBean : Closing JPA EntityManagerFactory for persistence unit 'default'
2025-03-09T16:36:33.911+05:00  INFO 3524 --- [Social Media Platform] [SpringApplicationShutdownHook] com.zaxxer.hikari.HikariDataSource       : HikariPool-1 - Shutdown initiated...
2025-03-09T16:36:33.937+05:00  INFO 3524 --- [Social Media Platform] [SpringApplicationShutdownHook] com.zaxxer.hikari.HikariDataSource       : HikariPool-1 - Shutdown completed.
2025-03-09T16:36:33.947+05:00  INFO 3524 --- [Social Media Platform] [SpringApplicationShutdownHook] org.ehcache.core.EhcacheManager          : Cache 'posts' removed from EhcacheManager.
2025-03-09T16:36:33.948+05:00  INFO 3524 --- [Social Media Platform] [SpringApplicationShutdownHook] org.ehcache.core.EhcacheManager          : Cache 'users' removed from EhcacheManager.
2025-03-09T16:36:43.558+05:00  INFO 21328 --- [Social Media Platform] [main] c.s.SocialMediaPlatformApplication       : Starting SocialMediaPlatformApplication using Java 17.0.13 with PID 21328 (E:\assignment\Social-Media-Platform\target\classes started by Attar Telecom in E:\assignment\Social-Media-Platform)
2025-03-09T16:36:43.568+05:00  INFO 21328 --- [Social Media Platform] [main] c.s.SocialMediaPlatformApplication       : No active profile set, falling back to 1 default profile: "default"
2025-03-09T16:36:46.277+05:00  INFO 21328 --- [Social Media Platform] [main] .s.d.r.c.RepositoryConfigurationDelegate : Bootstrapping Spring Data JPA repositories in DEFAULT mode.
2025-03-09T16:36:46.445+05:00  INFO 21328 --- [Social Media Platform] [main] .s.d.r.c.RepositoryConfigurationDelegate : Finished Spring Data repository scanning in 147 ms. Found 4 JPA repository interfaces.
2025-03-09T16:36:49.044+05:00  INFO 21328 --- [Social Media Platform] [main] o.s.b.w.embedded.tomcat.TomcatWebServer  : Tomcat initialized with port 8080 (http)
2025-03-09T16:36:49.068+05:00  INFO 21328 --- [Social Media Platform] [main] o.apache.catalina.core.StandardService   : Starting service [Tomcat]
2025-03-09T16:36:49.069+05:00  INFO 21328 --- [Social Media Platform] [main] o.apache.catalina.core.StandardEngine    : Starting Servlet engine: [Apache Tomcat/10.1.18]
2025-03-09T16:36:49.428+05:00  INFO 21328 --- [Social Media Platform] [main] o.a.c.c.C.[Tomcat].[localhost].[/]       : Initializing Spring embedded WebApplicationContext
2025-03-09T16:36:49.429+05:00  INFO 21328 --- [Social Media Platform] [main] w.s.c.ServletWebServerApplicationContext : Root WebApplicationContext: initialization completed in 5723 ms
2025-03-09T16:36:51.050+05:00  INFO 21328 --- [Social Media Platform] [main] org.ehcache.core.EhcacheManager          : Cache 'posts' created in EhcacheManager.
2025-03-09T16:36:51.065+05:00  INFO 21328 --- [Social Media Platform] [main] org.ehcache.core.EhcacheManager          : Cache 'users' created in EhcacheManager.
2025-03-09T16:36:51.127+05:00  INFO 21328 --- [Social Media Platform] [main] org.ehcache.jsr107.Eh107CacheManager     : Registering Ehcache MBean javax.cache:type=CacheStatistics,CacheManager=file./E./assignment/Social-Media-Platform/target/classes/ehcache.xml,Cache=posts
2025-03-09T16:36:51.130+05:00  INFO 21328 --- [Social Media Platform] [main] org.ehcache.jsr107.Eh107CacheManager     : Registering Ehcache MBean javax.cache:type=CacheStatistics,CacheManager=file./E./assignment/Social-Media-Platform/target/classes/ehcache.xml,Cache=users
2025-03-09T16:36:51.564+05:00  INFO 21328 --- [Social Media Platform] [main] o.hibernate.jpa.internal.util.LogHelper  : HHH000204: Processing PersistenceUnitInfo [name: default]
2025-03-09T16:36:51.698+05:00  INFO 21328 --- [Social Media Platform] [main] org.hibernate.Version                    : HHH000412: Hibernate ORM core version 6.4.1.Final
2025-03-09T16:36:51.833+05:00  INFO 21328 --- [Social Media Platform] [main] o.h.c.internal.RegionFactoryInitiator    : HHH000026: Second-level cache disabled
2025-03-09T16:36:52.461+05:00  INFO 21328 --- [Social Media Platform] [main] o.s.o.j.p.SpringPersistenceUnitInfo      : No LoadTimeWeaver setup: ignoring JPA class transformer
2025-03-09T16:36:52.526+05:00  INFO 21328 --- [Social Media Platform] [main] com.zaxxer.hikari.HikariDataSource       : HikariPool-1 - Starting...
2025-03-09T16:36:53.929+05:00  INFO 21328 --- [Social Media Platform] [main] com.zaxxer.hikari.pool.HikariPool        : HikariPool-1 - Added connection com.mysql.cj.jdbc.ConnectionImpl@f6cde7e
2025-03-09T16:36:53.934+05:00  INFO 21328 --- [Social Media Platform] [main] com.zaxxer.hikari.HikariDataSource       : HikariPool-1 - Start completed.
2025-03-09T16:36:57.496+05:00  INFO 21328 --- [Social Media Platform] [main] o.h.e.t.j.p.i.JtaPlatformInitiator       : HHH000489: No JTA platform available (set 'hibernate.transaction.jta.platform' to enable JTA platform integration)
2025-03-09T16:36:57.755+05:00  INFO 21328 --- [Social Media Platform] [main] j.LocalContainerEntityManagerFactoryBean : Initialized JPA EntityManagerFactory for persistence unit 'default'
2025-03-09T16:37:01.148+05:00  INFO 21328 --- [Social Media Platform] [main] o.s.d.j.r.query.QueryEnhancerFactory     : Hibernate is in classpath; If applicable, HQL parser will be used.
2025-03-09T16:37:06.728+05:00  WARN 21328 --- [Social Media Platform] [main] JpaBaseConfiguration$JpaWebConfiguration : spring.jpa.open-in-view is enabled by default. Therefore, database queries may be performed during view rendering. Explicitly configure spring.jpa.open-in-view to disable this warning
2025-03-09T16:37:09.142+05:00  INFO 21328 --- [Social Media Platform] [main] o.s.s.web.DefaultSecurityFilterChain     : Will secure any request with [org.springframework.security.web.session.DisableEncodeUrlFilter@1e07ae6, org.springframework.security.web.context.request.async.WebAsyncManagerIntegrationFilter@6baf95f9, org.springframework.security.web.context.SecurityContextHolderFilter@4137ff9f, org.springframework.security.web.header.HeaderWriterFilter@2fab6393, org.springframework.web.filter.CorsFilter@29063116, org.springframework.security.web.authentication.logout.LogoutFilter@26234101, com.socialmediaplatform.Util.JwtRequestFilter@1c028ae2, org.springframework.security.web.savedrequest.RequestCacheAwareFilter@47bea04a, org.springframework.security.web.servletapi.SecurityContextHolderAwareRequestFilter@3aeb6a57, org.springframework.security.web.authentication.AnonymousAuthenticationFilter@7d0f755c, org.springframework.security.web.session.SessionManagementFilter@4ee706ff, org.springframework.security.web.access.ExceptionTranslationFilter@69a0f018, org.springframework.security.web.access.intercept.AuthorizationFilter@2a7d12c8]
2025-03-09T16:37:11.553+05:00  INFO 21328 --- [Social Media Platform] [main] o.s.b.w.embedded.tomcat.TomcatWebServer  : Tomcat started on port 8080 (http) with context path ''
2025-03-09T16:37:11.594+05:00  INFO 21328 --- [Social Media Platform] [main] c.s.SocialMediaPlatformApplication       : Started SocialMediaPlatformApplication in 29.204 seconds (process running for 30.402)
2025-03-09T16:37:13.530+05:00  INFO 21328 --- [Social Media Platform] [http-nio-8080-exec-2] o.a.c.c.C.[Tomcat].[localhost].[/]       : Initializing Spring DispatcherServlet 'dispatcherServlet'
2025-03-09T16:37:13.531+05:00  INFO 21328 --- [Social Media Platform] [http-nio-8080-exec-2] o.s.web.servlet.DispatcherServlet        : Initializing Servlet 'dispatcherServlet'
2025-03-09T16:37:13.537+05:00  INFO 21328 --- [Social Media Platform] [http-nio-8080-exec-2] o.s.web.servlet.DispatcherServlet        : Completed initialization in 2 ms
2025-03-09T16:37:14.155+05:00  INFO 21328 --- [Social Media Platform] [http-nio-8080-exec-2] c.s.aspect.LoggingAspect                 : Entering method: ResponseEntity com.socialmediaplatform.controller.UserController.loginUser(LoginDTO)
2025-03-09T16:37:14.155+05:00  INFO 21328 --- [Social Media Platform] [http-nio-8080-exec-2] c.s.aspect.LoggingAspect                 : Request Argument: LoginDTO{email='al@gmail.com', password='11111'}
2025-03-09T16:37:14.910+05:00  INFO 21328 --- [Social Media Platform] [http-nio-8080-exec-2] c.s.aspect.ExecutionTimeAspect           : Method: ResponseEntity com.socialmediaplatform.service.impl.UserServiceImpl.loginUser(LoginDTO) | Execution Time: 754 ms
2025-03-09T16:37:14.910+05:00  INFO 21328 --- [Social Media Platform] [http-nio-8080-exec-2] c.s.aspect.LoggingAspect                 : Method executed: ResponseEntity com.socialmediaplatform.controller.UserController.loginUser(LoginDTO)
2025-03-09T16:37:14.910+05:00  INFO 21328 --- [Social Media Platform] [http-nio-8080-exec-2] c.s.aspect.LoggingAspect                 : Response Class: org.springframework.http.ResponseEntity
2025-03-09T16:37:14.910+05:00  INFO 21328 --- [Social Media Platform] [http-nio-8080-exec-2] c.s.aspect.LoggingAspect                 : Response: LoginResponse{token='eyJhbGciOiJIUzI1NiJ9.eyJ1c2VySWQiOjIsInN1YiI6ImFsQGdtYWlsLmNvbSIsImlhdCI6MTc0MTUyMDIzNCwiZXhwIjoxNzQyMzg0MjM0fQ.KZgTQJ_lcX2rt2WBvq_LGPPofY0jNPkacs064OSHHX8'}
2025-03-09T16:37:38.033+05:00  WARN 21328 --- [Social Media Platform] [http-nio-8080-exec-3] o.a.c.util.SessionIdGeneratorBase        : Creation of SecureRandom instance for session ID generation using [SHA1PRNG] took [116] milliseconds.
2025-03-09T16:37:38.171+05:00  INFO 21328 --- [Social Media Platform] [http-nio-8080-exec-3] c.s.aspect.LoggingAspect                 : Entering method: ResponseEntity com.socialmediaplatform.controller.PostController.getAllPosts(int,int,String[])
2025-03-09T16:37:38.172+05:00  INFO 21328 --- [Social Media Platform] [http-nio-8080-exec-3] c.s.aspect.LoggingAspect                 : Request Argument: 0
2025-03-09T16:37:38.172+05:00  INFO 21328 --- [Social Media Platform] [http-nio-8080-exec-3] c.s.aspect.LoggingAspect                 : Request Argument: 5
2025-03-09T16:37:38.172+05:00  INFO 21328 --- [Social Media Platform] [http-nio-8080-exec-3] c.s.aspect.LoggingAspect                 : Request Argument: [timestamp, desc]
2025-03-09T16:37:38.376+05:00  INFO 21328 --- [Social Media Platform] [http-nio-8080-exec-3] c.s.aspect.ExecutionTimeAspect           : Method: Page com.socialmediaplatform.service.impl.PostServicesImpl.getAllPosts(Pageable) | Execution Time: 202 ms
2025-03-09T16:37:38.376+05:00  INFO 21328 --- [Social Media Platform] [http-nio-8080-exec-3] c.s.aspect.LoggingAspect                 : Method executed: ResponseEntity com.socialmediaplatform.controller.PostController.getAllPosts(int,int,String[])
2025-03-09T16:37:38.376+05:00  INFO 21328 --- [Social Media Platform] [http-nio-8080-exec-3] c.s.aspect.LoggingAspect                 : Response Class: org.springframework.http.ResponseEntity
2025-03-09T16:37:38.376+05:00  INFO 21328 --- [Social Media Platform] [http-nio-8080-exec-3] c.s.aspect.LoggingAspect                 : Response: Page 1 of 1 containing com.socialmediaplatform.entities.Post instances
2025-03-09T16:56:42.767+05:00  INFO 21328 --- [Social Media Platform] [http-nio-8080-exec-6] c.s.aspect.LoggingAspect                 : Entering method: ResponseEntity com.socialmediaplatform.controller.PostController.likePost(Long,String)
2025-03-09T16:56:42.768+05:00  INFO 21328 --- [Social Media Platform] [http-nio-8080-exec-6] c.s.aspect.LoggingAspect                 : Request Argument: 2
2025-03-09T16:56:42.768+05:00  INFO 21328 --- [Social Media Platform] [http-nio-8080-exec-6] c.s.aspect.LoggingAspect                 : Request Argument: Bearer eyJhbGciOiJIUzI1NiJ9.eyJ1c2VySWQiOjIsInN1YiI6ImFsQGdtYWlsLmNvbSIsImlhdCI6MTc0MTUyMDIzNCwiZXhwIjoxNzQyMzg0MjM0fQ.KZgTQJ_lcX2rt2WBvq_LGPPofY0jNPkacs064OSHHX8
2025-03-09T16:56:42.930+05:00  INFO 21328 --- [Social Media Platform] [http-nio-8080-exec-6] c.s.aspect.ExecutionTimeAspect           : Method: void com.socialmediaplatform.service.impl.LikeServiceImpl.likePost(Long,Long) | Execution Time: 152 ms
2025-03-09T16:56:42.930+05:00  INFO 21328 --- [Social Media Platform] [http-nio-8080-exec-6] c.s.aspect.LoggingAspect                 : Method executed: ResponseEntity com.socialmediaplatform.controller.PostController.likePost(Long,String)
2025-03-09T16:56:42.930+05:00  INFO 21328 --- [Social Media Platform] [http-nio-8080-exec-6] c.s.aspect.LoggingAspect                 : Response Class: org.springframework.http.ResponseEntity
2025-03-09T16:56:42.931+05:00  INFO 21328 --- [Social Media Platform] [http-nio-8080-exec-6] c.s.aspect.LoggingAspect                 : Response: Post liked successfully
2025-03-09T17:02:14.566+05:00  INFO 21328 --- [Social Media Platform] [SpringApplicationShutdownHook] j.LocalContainerEntityManagerFactoryBean : Closing JPA EntityManagerFactory for persistence unit 'default'
2025-03-09T17:02:14.569+05:00  INFO 21328 --- [Social Media Platform] [SpringApplicationShutdownHook] com.zaxxer.hikari.HikariDataSource       : HikariPool-1 - Shutdown initiated...
2025-03-09T17:02:14.591+05:00  INFO 21328 --- [Social Media Platform] [SpringApplicationShutdownHook] com.zaxxer.hikari.HikariDataSource       : HikariPool-1 - Shutdown completed.
2025-03-09T17:02:14.596+05:00  INFO 21328 --- [Social Media Platform] [SpringApplicationShutdownHook] org.ehcache.core.EhcacheManager          : Cache 'posts' removed from EhcacheManager.
2025-03-09T17:02:14.597+05:00  INFO 21328 --- [Social Media Platform] [SpringApplicationShutdownHook] org.ehcache.core.EhcacheManager          : Cache 'users' removed from EhcacheManager.
2025-03-09T17:02:23.457+05:00  INFO 20000 --- [Social Media Platform] [main] c.s.SocialMediaPlatformApplication       : Starting SocialMediaPlatformApplication using Java 17.0.13 with PID 20000 (E:\assignment\Social-Media-Platform\target\classes started by Attar Telecom in E:\assignment\Social-Media-Platform)
2025-03-09T17:02:23.467+05:00  INFO 20000 --- [Social Media Platform] [main] c.s.SocialMediaPlatformApplication       : No active profile set, falling back to 1 default profile: "default"
2025-03-09T17:02:26.240+05:00  INFO 20000 --- [Social Media Platform] [main] .s.d.r.c.RepositoryConfigurationDelegate : Bootstrapping Spring Data JPA repositories in DEFAULT mode.
2025-03-09T17:02:26.458+05:00  INFO 20000 --- [Social Media Platform] [main] .s.d.r.c.RepositoryConfigurationDelegate : Finished Spring Data repository scanning in 189 ms. Found 4 JPA repository interfaces.
2025-03-09T17:02:29.532+05:00  INFO 20000 --- [Social Media Platform] [main] o.s.b.w.embedded.tomcat.TomcatWebServer  : Tomcat initialized with port 8080 (http)
2025-03-09T17:02:29.590+05:00  INFO 20000 --- [Social Media Platform] [main] o.apache.catalina.core.StandardService   : Starting service [Tomcat]
2025-03-09T17:02:29.591+05:00  INFO 20000 --- [Social Media Platform] [main] o.apache.catalina.core.StandardEngine    : Starting Servlet engine: [Apache Tomcat/10.1.18]
2025-03-09T17:02:29.827+05:00  INFO 20000 --- [Social Media Platform] [main] o.a.c.c.C.[Tomcat].[localhost].[/]       : Initializing Spring embedded WebApplicationContext
2025-03-09T17:02:29.831+05:00  INFO 20000 --- [Social Media Platform] [main] w.s.c.ServletWebServerApplicationContext : Root WebApplicationContext: initialization completed in 6170 ms
2025-03-09T17:02:31.645+05:00  INFO 20000 --- [Social Media Platform] [main] org.ehcache.core.EhcacheManager          : Cache 'posts' created in EhcacheManager.
2025-03-09T17:02:31.652+05:00  INFO 20000 --- [Social Media Platform] [main] org.ehcache.core.EhcacheManager          : Cache 'users' created in EhcacheManager.
2025-03-09T17:02:31.713+05:00  INFO 20000 --- [Social Media Platform] [main] org.ehcache.jsr107.Eh107CacheManager     : Registering Ehcache MBean javax.cache:type=CacheStatistics,CacheManager=file./E./assignment/Social-Media-Platform/target/classes/ehcache.xml,Cache=posts
2025-03-09T17:02:31.726+05:00  INFO 20000 --- [Social Media Platform] [main] org.ehcache.jsr107.Eh107CacheManager     : Registering Ehcache MBean javax.cache:type=CacheStatistics,CacheManager=file./E./assignment/Social-Media-Platform/target/classes/ehcache.xml,Cache=users
2025-03-09T17:02:32.131+05:00  INFO 20000 --- [Social Media Platform] [main] o.hibernate.jpa.internal.util.LogHelper  : HHH000204: Processing PersistenceUnitInfo [name: default]
2025-03-09T17:02:32.271+05:00  INFO 20000 --- [Social Media Platform] [main] org.hibernate.Version                    : HHH000412: Hibernate ORM core version 6.4.1.Final
2025-03-09T17:02:32.393+05:00  INFO 20000 --- [Social Media Platform] [main] o.h.c.internal.RegionFactoryInitiator    : HHH000026: Second-level cache disabled
2025-03-09T17:02:33.059+05:00  INFO 20000 --- [Social Media Platform] [main] o.s.o.j.p.SpringPersistenceUnitInfo      : No LoadTimeWeaver setup: ignoring JPA class transformer
2025-03-09T17:02:33.123+05:00  INFO 20000 --- [Social Media Platform] [main] com.zaxxer.hikari.HikariDataSource       : HikariPool-1 - Starting...
2025-03-09T17:02:33.816+05:00  INFO 20000 --- [Social Media Platform] [main] com.zaxxer.hikari.pool.HikariPool        : HikariPool-1 - Added connection com.mysql.cj.jdbc.ConnectionImpl@6fc6f68f
2025-03-09T17:02:33.821+05:00  INFO 20000 --- [Social Media Platform] [main] com.zaxxer.hikari.HikariDataSource       : HikariPool-1 - Start completed.
2025-03-09T17:02:36.865+05:00  INFO 20000 --- [Social Media Platform] [main] o.h.e.t.j.p.i.JtaPlatformInitiator       : HHH000489: No JTA platform available (set 'hibernate.transaction.jta.platform' to enable JTA platform integration)
2025-03-09T17:02:37.096+05:00  INFO 20000 --- [Social Media Platform] [main] j.LocalContainerEntityManagerFactoryBean : Initialized JPA EntityManagerFactory for persistence unit 'default'
2025-03-09T17:02:38.468+05:00  INFO 20000 --- [Social Media Platform] [main] o.s.d.j.r.query.QueryEnhancerFactory     : Hibernate is in classpath; If applicable, HQL parser will be used.
2025-03-09T17:02:42.486+05:00  WARN 20000 --- [Social Media Platform] [main] JpaBaseConfiguration$JpaWebConfiguration : spring.jpa.open-in-view is enabled by default. Therefore, database queries may be performed during view rendering. Explicitly configure spring.jpa.open-in-view to disable this warning
2025-03-09T17:02:43.954+05:00  INFO 20000 --- [Social Media Platform] [main] o.s.s.web.DefaultSecurityFilterChain     : Will secure any request with [org.springframework.security.web.session.DisableEncodeUrlFilter@7c441f09, org.springframework.security.web.context.request.async.WebAsyncManagerIntegrationFilter@155770e0, org.springframework.security.web.context.SecurityContextHolderFilter@2a7d12c8, org.springframework.security.web.header.HeaderWriterFilter@266a77ac, org.springframework.web.filter.CorsFilter@656f985b, org.springframework.security.web.authentication.logout.LogoutFilter@1417fb4, com.socialmediaplatform.Util.JwtRequestFilter@41c6dbac, org.springframework.security.web.savedrequest.RequestCacheAwareFilter@1e07ae6, org.springframework.security.web.servletapi.SecurityContextHolderAwareRequestFilter@6baf95f9, org.springframework.security.web.authentication.AnonymousAuthenticationFilter@4a8cddf5, org.springframework.security.web.session.SessionManagementFilter@2df44716, org.springframework.security.web.access.ExceptionTranslationFilter@2d55b38b, org.springframework.security.web.access.intercept.AuthorizationFilter@1d1daaa3]
2025-03-09T17:02:45.460+05:00  INFO 20000 --- [Social Media Platform] [main] o.s.b.w.embedded.tomcat.TomcatWebServer  : Tomcat started on port 8080 (http) with context path ''
2025-03-09T17:02:45.484+05:00  INFO 20000 --- [Social Media Platform] [main] c.s.SocialMediaPlatformApplication       : Started SocialMediaPlatformApplication in 23.212 seconds (process running for 24.384)
2025-03-09T17:03:00.475+05:00  INFO 20000 --- [Social Media Platform] [http-nio-8080-exec-2] o.a.c.c.C.[Tomcat].[localhost].[/]       : Initializing Spring DispatcherServlet 'dispatcherServlet'
2025-03-09T17:03:00.475+05:00  INFO 20000 --- [Social Media Platform] [http-nio-8080-exec-2] o.s.web.servlet.DispatcherServlet        : Initializing Servlet 'dispatcherServlet'
2025-03-09T17:03:00.482+05:00  INFO 20000 --- [Social Media Platform] [http-nio-8080-exec-2] o.s.web.servlet.DispatcherServlet        : Completed initialization in 7 ms
2025-03-09T17:03:01.034+05:00  INFO 20000 --- [Social Media Platform] [http-nio-8080-exec-2] c.s.aspect.LoggingAspect                 : Entering method: ResponseEntity com.socialmediaplatform.controller.UserController.loginUser(LoginDTO)
2025-03-09T17:03:01.035+05:00  INFO 20000 --- [Social Media Platform] [http-nio-8080-exec-2] c.s.aspect.LoggingAspect                 : Request Argument: com.socialmediaplatform.dto.LoginDTO@6876595
2025-03-09T17:03:01.807+05:00  INFO 20000 --- [Social Media Platform] [http-nio-8080-exec-2] c.s.aspect.ExecutionTimeAspect           : Method: ResponseEntity com.socialmediaplatform.service.impl.UserServiceImpl.loginUser(LoginDTO) | Execution Time: 771 ms
2025-03-09T17:03:01.808+05:00  INFO 20000 --- [Social Media Platform] [http-nio-8080-exec-2] c.s.aspect.LoggingAspect                 : Method executed: ResponseEntity com.socialmediaplatform.controller.UserController.loginUser(LoginDTO)
2025-03-09T17:03:01.808+05:00  INFO 20000 --- [Social Media Platform] [http-nio-8080-exec-2] c.s.aspect.LoggingAspect                 : Response Class: org.springframework.http.ResponseEntity
2025-03-09T17:03:01.808+05:00  INFO 20000 --- [Social Media Platform] [http-nio-8080-exec-2] c.s.aspect.LoggingAspect                 : Response: com.socialmediaplatform.Response.LoginResponse@693406a7
